CPEN 431 Test Client
Time: Wed Mar 17 23:56:52 UTC 2021
Build Date: Wed Mar 17 23:56:02 UTC 2021
Java process ID: 29285
Running test in local mode! Milestone2.
[Milestone2 Tests]
Secret: 0
Exclude 256 clients tests: false
Checking if the test client is running on GC
Unable to determine instance type.
Are you sure you are running the test client on an GC instance?

Done building node list.
The deployment has 6 server nodes.

[ TEST Single Front-End Performance (1 clients, 60.0 seconds): PUT -> GET (closed loop) ]
Checking if server(s) are up... 
Checking if server is up... 
[Test isAlive]
[ ... Completed in 0.024 seconds ]
[OK]
[ ... Completed in 0.081 seconds ]
[OK]
Stage 1 Single Front-End: Test Status: TEST_PASSED
Clients: 1
Total Requests (without replies): 4466
Total Requests (including replies): 4466
Successful Responses: 4466
Timeout Responses: 0
Total Failed Responses: 0
% Success: 100.0
% Timeout: 0.0
% Failed: 0.0
Response Time (Successful requests):
[max] 101ms, [min] 0ms
[avg] 13.211822660098521 ms, [stdev] 10.929297018118081ms
Throughput: 74.3924175037063 requests per second
Goodput: 74.3924175037063 requests per second
Retry Rate (Successful requests): 1.0
Sending WIPE-OUT to all servers...
[ ... Completed in 0.202 seconds ]
[OK]
[ ... TEST Completed in 61.023 seconds ]

[ TEST Single Front-End Performance (16 clients, 60.0 seconds): PUT -> GET (closed loop) ]
Checking if server(s) are up... 
Checking if server is up... 
[Test isAlive]
[ ... Completed in 0.025 seconds ]
[OK]
[ ... Completed in 0.069 seconds ]
[OK]
Stage 1 Single Front-End: Test Status: TEST_PASSED
Clients: 16
Total Requests (without replies): 25078
Total Requests (including replies): 25078
Successful Responses: 25078
Timeout Responses: 0
Total Failed Responses: 0
% Success: 100.0
% Timeout: 0.0
% Failed: 0.0
Response Time (Successful requests):
[max] 199ms, [min] 1ms
[avg] 38.157747826780444 ms, [stdev] 22.22396130488276ms
Throughput: 417.41706752775514 requests per second
Goodput: 417.41706752775514 requests per second
Retry Rate (Successful requests): 1.0
Sending WIPE-OUT to all servers...
[ ... Completed in 0.057 seconds ]
[OK]
[ ... TEST Completed in 60.395 seconds ]

[ TEST Single Front-End Performance (32 clients, 60.0 seconds): PUT -> GET (closed loop) ]
Checking if server(s) are up... 
Checking if server is up... 
[Test isAlive]
[ ... Completed in 0.018 seconds ]
[OK]
[ ... Completed in 0.035 seconds ]
[OK]
Stage 1 Single Front-End: Test Status: TEST_PASSED
Clients: 32
Total Requests (without replies): 35018
Total Requests (including replies): 35018
Successful Responses: 35018
Timeout Responses: 0
Total Failed Responses: 0
% Success: 100.0
% Timeout: 0.0
% Failed: 0.0
Response Time (Successful requests):
[max] 255ms, [min] 1ms
[avg] 54.74633045862128 ms, [stdev] 30.384158516224208ms
Throughput: 581.8586644068923 requests per second
Goodput: 581.8586644068923 requests per second
Retry Rate (Successful requests): 1.0
Sending WIPE-OUT to all servers...
[ ... Completed in 0.131 seconds ]
[OK]
[ ... TEST Completed in 60.566 seconds ]

[ TEST Random Front-End Performance (1 clients, 60.0 seconds): PUT -> GET (closed loop) ]
Checking if server(s) are up... 
Checking if server is up... 
[Test isAlive]
Checking if server is up... 
[Test isAlive]
Checking if server is up... 
[Test isAlive]
Checking if server is up... 
[Test isAlive]
Checking if server is up... 
[Test isAlive]
Checking if server is up... 
[Test isAlive]
[ ... Completed in 0.019 seconds ]
[OK]
[ ... Completed in 0.014 seconds ]
[OK]
[ ... Completed in 0.034 seconds ]
[OK]
[ ... Completed in 0.032 seconds ]
[OK]
[ ... Completed in 0.043 seconds ]
[OK]
[ ... Completed in 0.05 seconds ]
[OK]
[ ... Completed in 0.082 seconds ]
[OK]
TEST_PASSED
Stage 1 Random Front-End: Test Status: TEST_PASSED
Clients: 1
Total Requests (without replies): 2658
Total Requests (including replies): 2658
Successful Responses: 2658
Timeout Responses: 0
Total Failed Responses: 0
% Success: 100.0
% Timeout: 0.0
% Failed: 0.0
Response Time (Successful requests):
[max] 113ms, [min] 0ms
[avg] 22.438299473288186 ms, [stdev] 16.844063969642256ms
Throughput: 44.29335599660051 requests per second
Goodput: 44.29335599660051 requests per second
Retry Rate (Successful requests): 1.0
Sending WIPE-OUT to all servers...
[ ... Completed in 0.138 seconds ]
[OK]
[ ... TEST Completed in 60.238 seconds ]

[ TEST Random Front-End Performance (16 clients, 60.0 seconds): PUT -> GET (closed loop) ]
Checking if server(s) are up... 
Checking if server is up... 
[Test isAlive]
Checking if server is up... 
[Test isAlive]
Checking if server is up... 
[Test isAlive]
Checking if server is up... 
[Test isAlive]
[ ... Completed in 0.018 seconds ]
[OK]
[ ... Completed in 0.068 seconds ]
[OK]
[ ... Completed in 0.075 seconds ]
[OK]
[ ... Completed in 0.058 seconds ]
[OK]
Checking if server is up... 
[Test isAlive]
Checking if server is up... 
[Test isAlive]
[ ... Completed in 0.019 seconds ]
[OK]
[ ... Completed in 0.021 seconds ]
[OK]
[ ... Completed in 0.155 seconds ]
[OK]
TEST_PASSED
Stage 1 Random Front-End: Test Status: TEST_PASSED
Clients: 16
Total Requests (without replies): 25266
Total Requests (including replies): 25266
Successful Responses: 25266
Timeout Responses: 0
Total Failed Responses: 0
% Success: 100.0
% Timeout: 0.0
% Failed: 0.0
Response Time (Successful requests):
[max] 214ms, [min] 1ms
[avg] 37.91324309348531 ms, [stdev] 21.89129414075389ms
Throughput: 420.4273162939297 requests per second
Goodput: 420.4273162939297 requests per second
Retry Rate (Successful requests): 1.0
Sending WIPE-OUT to all servers...
[ ... Completed in 0.208 seconds ]
[OK]
[ ... TEST Completed in 60.484 seconds ]

[ TEST Random Front-End Performance (32 clients, 60.0 seconds): PUT -> GET (closed loop) ]
Checking if server(s) are up... 
Checking if server is up... 
[Test isAlive]
Checking if server is up... 
[Test isAlive]
Checking if server is up... 
[Test isAlive]
Checking if server is up... 
[Test isAlive]
Checking if server is up... 
[Test isAlive]
Checking if server is up... 
[Test isAlive]
[ ... Completed in 0.008 seconds ]
[OK]
[ ... Completed in 0.016 seconds ]
[OK]
[ ... Completed in 0.033 seconds ]
[OK]
[ ... Completed in 0.04 seconds ]
[OK]
[ ... Completed in 0.038 seconds ]
[OK]
[ ... Completed in 0.047 seconds ]
[OK]
[ ... Completed in 0.098 seconds ]
[OK]
TEST_PASSED
[ CPU load (loadavg, last one minute) 17.26 ]
Stage 1 Random Front-End: Test Status: TEST_PASSED
Clients: 32
Total Requests (without replies): 35476
Total Requests (including replies): 35476
Successful Responses: 35476
Timeout Responses: 0
Total Failed Responses: 0
% Success: 100.0
% Timeout: 0.0
% Failed: 0.0
Response Time (Successful requests):
[max] 247ms, [min] 1ms
[avg] 53.92707746081858 ms, [stdev] 30.5530940074394ms
Throughput: 588.9110225763612 requests per second
Goodput: 588.9110225763612 requests per second
Retry Rate (Successful requests): 1.0
Sending WIPE-OUT to all servers...
[ ... Completed in 0.148 seconds ]
[OK]
[ ... TEST Completed in 60.595 seconds ]

[ TEST Random Front-End Performance (64 clients, 60.0 seconds): PUT -> GET (closed loop) ]
Checking if server(s) are up... 
Checking if server is up... 
Checking if server is up... 
[Test isAlive]
Checking if server is up... 
[Test isAlive]
Checking if server is up... 
[Test isAlive]
[ ... Completed in 0.006 seconds ]
[OK]
Checking if server is up... 
Checking if server is up... 
[Test isAlive]
[Test isAlive]
[Test isAlive]
[ ... Completed in 0.026 seconds ]
[OK]
[ ... Completed in 0.046 seconds ]
[OK]
[ ... Completed in 0.042 seconds ]
[OK]
[ ... Completed in 0.061 seconds ]
[OK]
[ ... Completed in 0.084 seconds ]
[OK]
[ ... Completed in 0.092 seconds ]
[OK]
TEST_PASSED
[ CPU load (loadavg, last one minute) 14.37 ]
Stage 1 Random Front-End: Test Status: TEST_PASSED
Clients: 64
Total Requests (without replies): 38254
Total Requests (including replies): 38278
Successful Responses: 38254
Timeout Responses: 0
Total Failed Responses: 0
% Success: 100.0
% Timeout: 0.0
% Failed: 0.0
Response Time (Successful requests):
[max] 398ms, [min] 1ms
[avg] 99.55622941391749 ms, [stdev] 61.49122937946444ms
Throughput: 635.2796598910588 requests per second
Goodput: 635.2796598910588 requests per second
Retry Rate (Successful requests): 1.0006273853714645
Sending WIPE-OUT to all servers...
[ ... Completed in 0.143 seconds ]
[OK]
[ ... TEST Completed in 70.511 seconds ]

[ TEST Random Front-End Performance (128 clients, 60.0 seconds): PUT -> GET (closed loop) ]
Checking if server(s) are up... 
Checking if server is up... 
[Test isAlive]
[ ... Completed in 0.002 seconds ]
[OK]
Checking if server is up... 
[Test isAlive]
Checking if server is up... 
[Test isAlive]
[ ... Completed in 0.009 seconds ]
[OK]
Checking if server is up... 
[Test isAlive]
Checking if server is up... 
[Test isAlive]
Checking if server is up... 
[ ... Completed in 0.044 seconds ]
[OK]
[Test isAlive]
[ ... Completed in 0.019 seconds ]
[OK]
[ ... Completed in 0.01 seconds ]
[OK]
[ ... Completed in 0.03 seconds ]
[OK]
[ ... Completed in 0.094 seconds ]
[OK]
TEST_PASSED
[ CPU load (loadavg, last one minute) 16.45 ]
Stage 1 Random Front-End: Test Status: TEST_PASSED
Clients: 128
Total Requests (without replies): 39123
Total Requests (including replies): 43512
Successful Responses: 39103
Timeout Responses: 20
Total Failed Responses: 0
% Success: 99.94887917593232
% Timeout: 0.05112082406768397
% Failed: 0.0
Response Time (Successful requests):
[max] 481ms, [min] 1ms
[avg] 136.7971766872107 ms, [stdev] 84.46872111556667ms
Throughput: 646.2552446397304 requests per second
Goodput: 645.92487363309 requests per second
Retry Rate (Successful requests): 1.1121846484165325
Sending WIPE-OUT to all servers...
[ ... Completed in 0.077 seconds ]
[OK]
[ ... TEST Completed in 80.844 seconds ]

[ TEST Random Front-End Performance (256 clients, 60.0 seconds): PUT -> GET (closed loop) ]
Checking if server(s) are up... 
Checking if server is up... 
[Test isAlive]
Checking if server is up... 
[Test isAlive]
Checking if server is up... 
[Test isAlive]
Checking if server is up... 
[Test isAlive]
Checking if server is up... 
[Test isAlive]
[ ... Completed in 0.016 seconds ]
[OK]
[ ... Completed in 0.008 seconds ]
[OK]
Checking if server is up... 
[Test isAlive]
[ ... Completed in 0.022 seconds ]
[OK]
[ ... Completed in 0.034 seconds ]
[OK]
[ ... Completed in 0.056 seconds ]
[OK]
[ ... Completed in 0.037 seconds ]
[OK]
[ ... Completed in 0.076 seconds ]
[OK]
TEST_PASSED
[ CPU load (loadavg, last one minute) 14.41 ]
Stage 1 Random Front-End: Test Status: TEST_PASSED
Clients: 256
Total Requests (without replies): 39072
Total Requests (including replies): 53241
Successful Responses: 38437
Timeout Responses: 635
Total Failed Responses: 0
% Success: 98.37479524979526
% Timeout: 1.6252047502047502
% Failed: 0.0
Response Time (Successful requests):
[max] 568ms, [min] 1ms
[avg] 147.67484455082342 ms, [stdev] 93.77837737143292ms
Throughput: 629.5538404524435 requests per second
Goodput: 619.322301532314 requests per second
Retry Rate (Successful requests): 1.3626382063882063
Sending WIPE-OUT to all servers...
[ ... Completed in 0.099 seconds ]
[OK]
[ ... TEST Completed in 92.303 seconds ]

[ TEST Capacity Insert (Value Size = 1000 bytes, Limit = 10000 PUTs, ~9.54 MiB) ]
Issuing puts... 
[DONE in 25.803s]
Confirming... 
[DONE in 24.95s]
TEST_PASSED
[ ... TEST Completed in 50.802 seconds ]
First crash test: to shutdown - 3 nodes.

[ TEST Crash; Key Recovery ]
Checking if server(s) are up... 
Checking if server is up... 
[Test isAlive]
Checking if server is up... 
[Test isAlive]
[ ... Completed in 0.017 seconds ]
[OK]
Checking if server is up... 
[Test isAlive]
[ ... Completed in 0.003 seconds ]
[OK]
[ ... Completed in 0.022 seconds ]
[OK]
[ ... Completed in 0.055 seconds ]
[OK]
Checking if server(s) are up... 
Checking if server is up... 
[Test isAlive]
[ ... Completed in 0.019 seconds ]
[OK]
Checking if server is up... 
[Test isAlive]
Checking if server is up... 
[Test isAlive]
[ ... Completed in 0.009 seconds ]
[OK]
[ ... Completed in 0.02 seconds ]
[OK]
[ ... Completed in 0.111 seconds ]
[OK]
Determining if storage was successful... 
[DONE in 24.044s]
Sending SHUTDOWN to 3 servers.
[ ... Completed in 3.818 seconds ]
Checking if server(s) are up... 
[Test isAlive]
[Test isAlive]
[Test isAlive]
Request Timeout.
Request Timeout.
Request Timeout.
Request Timeout.
Request Timeout.
Request Timeout.
Request Timeout.
Request Timeout.
Request Timeout.
Request Timeout.
Request Timeout.
Request Timeout.
Request Timeout.
Request Timeout.
Request Timeout.
Request Timeout.
Request Timeout.
Request Timeout.
Request Timeout.
Request Timeout.
Request Timeout.
Request Timeout.
Request Timeout.
Request Timeout.
Request Timeout.
Request Timeout.
Request Timeout.
Request Timeout.
Request Timeout.
Request Timeout.
[ ... Completed in 38.061 seconds ]
[OK]
Checking if server(s) are up... 
Checking if server is up... 
[Test isAlive]
Checking if server is up... 
[Test isAlive]
[ ... Completed in 0.002 seconds ]
[OK]
Checking if server is up... 
[Test isAlive]
[ ... Completed in 0.009 seconds ]
[OK]
[ ... Completed in 0.013 seconds ]
[OK]
[ ... Completed in 0.02 seconds ]
[OK]
Attempting retrieval of keys... 
[DONE in 13.857s]
Checking if server(s) are up... 
[Test isAlive]
[Test isAlive]
[Test isAlive]
Request Timeout.
Request Timeout.
Request Timeout.
Request Timeout.
Request Timeout.
Request Timeout.
Request Timeout.
Request Timeout.
Request Timeout.
Request Timeout.
Request Timeout.
Request Timeout.
Request Timeout.
Request Timeout.
Request Timeout.
Request Timeout.
Request Timeout.
Request Timeout.
Request Timeout.
Request Timeout.
Request Timeout.
Request Timeout.
Request Timeout.
Request Timeout.
Request Timeout.
Request Timeout.
Request Timeout.
Request Timeout.
Request Timeout.
Request Timeout.
[ ... Completed in 38.054 seconds ]
[OK]
Checking if server(s) are up... 
Checking if server is up... 
[Test isAlive]
Checking if server is up... 
[Test isAlive]
[ ... Completed in 0.004 seconds ]
[OK]
Checking if server is up... 
[Test isAlive]
[ ... Completed in 0.02 seconds ]
[OK]
[ ... Completed in 0.028 seconds ]
[OK]
[ ... Completed in 0.044 seconds ]
[OK]
Of 10000 usable puts:
Failed: 10000 Timed out: 0 Invalid value: 0
Expecting 50.0% keys to fail. Actual failed: 100.0%
Keys failed after server crash : 100.0%
Percentage of failed keys should be between 0.0% and 80.0%.
Failed: 10000 Timed out: 0 Invalid value: 0
Crash test failed. Aborting.
Testing completed in 907.081s
